179357184315291
179179694414258
179681402710518
656736753443
179373820490069
292321782767
179249643730623
179192342156046
178969524051148
179393502076825
179051204648967
178887959956980
179699995563500
179195236739375
179506415832625
115196012602
764530848946
179028296762709
179384457022825
289666525174
178947319901914
179033216493508
179635593180341
422399599481
179114320319797
178905628179257
179626510600025
179037654773776
400759615909
179557080910812
179080386161950
179442945676141
730086283696
179560989277705
661766754059
179017023071475
545176841308
621946411250
179030411452460
178937254433044
179069410852099
688002607609
178990851329539
179039094779347
473174772472
179532473479682
777805519798
774019701591
179000388625257
438893424127
178997722618684
83792637374
375542348359
567094160929
791109173621
531997681993
179499275442127
178975735228684
179499275442127
179213048996458
179261611498404
179691298461542
179619785552304
179532628892122
179677739183549
34361944216
178893249604873
179664650823696
179562817594031
443174030682
179510273974561
179140118062320
178956337972200
179664551903492
40417472224
551194753597
439228258375
297565649934
179114320319797
179587262791417
506385139369
31098085374
179464898147742
179603772356043
378885890590
207190289552
179359492299224
7151769972
179655843223680
179066082624108
558351168577
179591404054796
179597076720176
834339001115
179698793230483
179255904895857
179478776143391
123351882862
58143102866
179191065924275
178885248866531
179209140650467
179226319407840
179628357796375
179728023416354
179356653545664
11559088223
179446451253770
179335162132443
519333893736
625558601119
178916413225936
179010684047189
179536149184299
179153514810246
792301746772
179138742666539
179641631862219
179202716927849
179185594242250
179191244593100
179501292502210
527751684030
497341138814
179588267971317
179475988660634
179467132217509
179715997097410
178971237726843
325436190524
289115011336
179255904895857
179147658613294
40144461207
179393502076825
179029979590454
179499320865449
179725893597546
61734348398200
179330317000238
179328683199841
179689837954358
179457592315894
178981223718498
179222674758600
512256974573
178977690289570
178965895951571
752233725299
227716978306
179072596957308
370164147178
179558806239305
179504907547197
662490227429
179123289259521
179323821453475
74442646557
179011566670821
179588267971317
534224506461
179400060768393
501981451880
179355362751729
179013144408399
274178689575
273441416197
149586821569
835733328873
246412865633
126104137672
398736406222
178953184075703
1889654062
179683563870882
332013290163
179106051062589
179229736227681
179328683199841
179368552913876
179251343675191
179205367065765
325861205565
179510273974561
45796445270
179055409412238
439674092803
108340409859
179123289259521
528040271556
745562327852
150275938336
381918470702
179060735983103
179223270357160
179458891420628
341833983034
332195193143
179146278721982
179549701718334
43407485
178935786282587
179615089362374
179502982247321
211154905035
389812321309
735643698680
179641640313879
179611829566235
179000714945136
179339361146497
179609448141967
179076139592178
842688326790
179033216493508
201512935436
179142180836055
178921177154670
561318631438
770508216565
179165419825472
179361794910212
179023009157227
1720845879
179513890950166
178908803284682
398663942953
179214927084273
178904852882119
103410419613
184624631185
179499275442127
179704643522307
179198241214745
179348293260746
179499275442127
179375174875868
179170108437400
179536149184299
179608278162014
567675507680
240007070183
659152588659
179464399122047
179539945038058
179519064473695
179173154609992
179542041129607
585201976566
179323614862240
179728701355714
322030226006
179035220098250
179229736227681
17065254730961
179609448141967
32915167749
179187310987252
37972840174
294234231015
15641108531
493839750883
179244368249859
179405859136642
633934965034
657416552050
648741535799
179223972428901
179350238842517
179017023071475
240909090072
213862841955
179454072928224
783176266950
179552852490475
179729674589461
179398087533618
366762421801
671413111258
179037654773776
179103638498235
178967577534382
560138543495
404832205309
179679802250629
179411103112046
400052080309
66347281236
179660057830672
178887487413953
179166840612693
179701465511541
126584954362
178940035196874
179166840612693
754459283470
178953184075703
299886654478
15695324013
178930667822693
179150767781560
771371363436
7672181041
179328775661795
604174769743
179713193251987
179474511941984
177853905505
250896784679
179575269727051
179370029147860
436006754662
179362288830320
179547115773235
179022071686359
24490093432
179026966421821
179377193785118
309787970089
341169102656
389506494047
179217424959509
179336574738728
179357184315291
179339448332030
179378255977829
179037654773776
335647824530
113474098578
179133248643571
179136931695116
179713519921818
179170108437400
8746764764509
178979367390404
179050707934962
179454072928224
179655843223680
179666023132335
178959678723069
178959678723069
179022071686359
12880911134023
178913867880805
90283640630
188990334593
179716368546670
179047354859377
556150003245
178890066558038
179385085591105
179407938099659
179209140650467
179426766204580
763097172
838828171292
267497428342
709478153925
179034139250807
413732360060
179008976493049
179155165417227
179499320865449
4354736965826
843343508848
317045199771
179655632006934
179560989277705
747478974390
654508498475
819223886720
178923800531247
179664551903492
179029979590454
178937349762530
179018386373043
179337365262436
343112521770
179718989771096
297940518151
179681402710518
436229976460
771862965591
96753224896
779649823960
36510854127
706011906707
179560989277705
625969675694
846700005663
178949291592460
67101641587
453345641920
179320986671792
179076696256360
179515287624537
179475988660634
179339361146497
451677384256
179193149898449
154569693723
92729221192
447376218495
179194229282499
179264703603681
50876149137
716003117521
179542041129607
831414196828
179549701718334
179564555869113
760623622253
179106051062589
179391082248463
6580892222603
514389688802
179467132217509
178995243850674
383193169653
412707175621
345659264338
136578416145
399391303442
179188520649539
553298463595
1084429772529
179257443669670
454637161443
108025649731
178941907052480
241663405148
105138343141
647324636788
179165556411362
179537800951652
179225622034148
179539945038058
179419509712342
106869015186
179037654773776
179076696256360
43124023744
739666433464
610912063272
179385085591105
179580542042950
179568398411055
179440017303982
179326306069150
495053310113
179655814615968
63684067088
179444774322359
363543620100
178889917057726
179055977021053
178938407638511
178928009590454
179352262080709
179041228024037
179202702503151
151860696690
390209330116
179032147807624
179258620626694
179570397371348
179704754036464
179263459721586
179331543872655
179339448332030
192475598717
338979835867
179204692531264
179365935282386
179148042712819
527025453849
19426886077
218435851261
744868603722
285815584856
464990035399
179507971700082
809266739878
179369718308793
144486653790
473236189582
179022071686359
739800144186
495221409087
179396774770921
179706321030558
179684838440507
178941907052480
303706357109
179103638498235
245929743855
179239479657203
179243865183588
626263920817
179595695948009
179162683491608
179160908302817
527879013993
178951731988954
179320625967495
179559337017646
179148707866449
179097344487483
179064787905009
411833029445
840781297391
179362288830320
569093305554
179558079543397
178882820228280
179655814615968
179526220657490
179398684087386
179264873229028
421552312093
12979737842
179597685840044
179023009157227
179017023071475
179064787905009
179377193785118
614475953229
179019460186561
179678756425707
179523183676117
178913867880805
179537676882061
179106051062589
179626510600025
179252396812971
179217535909668
179216434213672
31213729702
179534188166319
179329790902
406735724010
647925220798
179387171303948
364355077833
397502105820
311404652741
179549701718334
323340737808
488424888667
179182002540871
179668543081802
179317872631746
151634955527
179222674758600
179608223975358
315830633768
179097344487483
179340785173658
179482544261653
179409405623424
645913540210
179655632006934
179394493109981
179100855624213
178929136561554
179688348810290
178889917057726
179723792443616
339467700979
178904852882119
369760576832
178921177154670
559564463946
179410509022323
178943803103940
179114320319797
57370894267
458957130962
213821088272
179559337017646
179030411452460
178912220726454
782144572972
60638424089
179248483531876
61734348398200
179713519921818
178989582581051
455080936782
178948824797610
179565970198162
827439554858
178921795187507
664994087623
453149157349
179018386373043
754722865836
179152679746553
179199511549638
179641519697397
179365935282386
179036221558317
179339361146497
323292099664
179191065924275
179602982850484
598303814968
179580542042950
267182419366
159120798742
178887487413953
179008659966222
179426216127699
144636481515
179173154609992
646879644700
243987940524
179446451253770
179210611620497
178997722618684
179372816159771
400050568964
179382925430886
179458891420628
1443055954
498194577833
179261611498404
179014050139698
179347907223679
179544018359028
179317872631746
179387171303948
165484380393
179079539358619
178994711217897
179005298939907
179517063790357
179553234411609
179585441354653
123907609068
179668543081802
178923800531247
179152679746553
179060735983103
179458891420628
179434865913671
20950803569
179011566670821
706469715843
11744606055
179475269645765
178996226142631
179384602930986
179212391003277
179231038644432
63140614024
511676127623
178921048085892
179062246076140
178988573354975
51025587082
179382678049675
179670819209267
582354729425
179416183692612
491732506736
762130215008
179512881284671
332053342401
179207902584979
591296798187
179323614862240
179134536405829
179057176855097
179655843223680
179032147807624
179499320865449
4381573641065
179246003758721
179648790977154
494209362889
179003429417040
179389064530812
178904852882119
103201552316
179041228024037
179140118062320
692705113648
179695044033158
493554849620
354061561153
178981223718498
178996710871678
729509325271
350989723133
179433641450110
274873373860
179715997097410
178953184075703
345762408241
179131674675370
179691298461542
528365309966
179428261179481
273432608166
407342251150
179225622034148
622048595358
179423395305267
342341696222
179684838440507
178997722618684
179708119065614
179163709015452
179681243801846
179229736227681
344057579146
306675635730
852957331113
383389183808
179123676125280
565847115980
43824971737
73208710678
179124557723593
179373820490069
178902340622686
179216434213672
179220980891436
620759561610
179355362751729
242163401947
315707390788
179590221306458
455258900743
73647540350
179051204648967
179587262791417
830116200845
4426380904067
214034279778
179064787905009
179023609491387
179140118062320
179626510600025
142414232927
798654468307
179056669858028
179357476253132
665406012240
179254387518277
704433644129
179698793230483
179147658613294
179402619922446
179659990992601
511483370894
179418820248476
183783760949
104166116697
51808450555
179175774540338
646259277447
247669497703
656946418766
501574556200
235974648626
755898331628
179428261179481
179121636033288
822559606041
179060250850681
179725118231150
805689232776
179064787905009
179437693633017
781075658001
179065104497250
179515287624537
289901488057
179348293260746
179199511549638
179621831950275
179648790977154
138187749362
178981223718498
179608223975358
179109833284993
179140118062320
179337365262436
179660657059179
178929136561554
179681402710518
179030411452460
87619950217
179019460186561
179502982247321
482405057674
534232603742
1116405290679
467348056498
85354849855
179195236739375
179100855624213
178889917057726
179269969298094
179482544261653
179427249496982
179133248643571
179018524285535
179576764364799
203855286756
1113738857972
459195407629
95279510226
179021170545968
663490133237
385893886170
811164071118
179128686972754
548788110159
170030399527
513588994073
179071205891775
178957293643207
179412164002824
179384999560328
672434736138
179457592315894
179429381961127
179332486349673
179384999560328
434380046401
230031411559
179391082248463
179000714945136
179364592511881
179537800951652
105033942685
178913867880805
178979003918073
179377193785118
178948824797610
179496772371989
600632133338
179501292502210
179045783074102
179052270900263
544787454230
519476608184
608147903611
178941907052480
39384061244
178982700818802
577858351182
178969173559862
779087949469
179428261179481
179519433991246
179116282671263
179505315962278
412582517026
119267639117
179570397371348
501957617005
179400483746969
17065254730961
302365873699
364859159599
500538520379
179198960436029
179248483531876
339771819407
800638864517
179130087940521
826998169200
670817305085
179233291765579
485248463650
179339095171316
149781560521
185041546569
179244025477606
162425962238
734839540740
564888670094
179530551228399
746755542325
179240784045946
179178047009620
179452748507095
503644705498
179728023416354
179175490531718
179336574738728
745820640067
179429381961127
178994772073531
496354426449
178996226142631
179153514810246
622003721999
144596443263
179017940172723
179462231368674
20992149504
790110641777
178881844130308
87665951452
179360807198398
179724973517482
617783115349
179633838985588
178989937824435
377381437989
575888885499
179252396812971
179490569090042
1166290097
385628742088
179213048996458
312581962000
179179694414258
179681243801846
824788061577
179051204648967
179080386161950
179428261179481
179649994815350
433679868159
179147003783454
179326306069150
179010684047189
178989582581051
179097872435605
179175975005945
2083380979
179013144408399
178889335118369
179645379638121
179560525584375
179384602930986
179717139698174
179207339866455
238550145899
179112254244549
532043460662
730123434640
179365935282386
629153452481
179478776143391
178994160918603
178950914982073
179356653545664
828057685884
179426766204580
179437693633017
179322953404912
219000822197
179670211298580
179037654773776
179363726620561
450825925756
179248483531876
702907460273
179040431855847
179030411452460
44326213822
179109833284993
179720362086880
178990851329539
55056491827
229623113402
384005954979
179062246076140
75721880999
179624460724260
195216812835
179323821453475
412217643500
179392640789194
818279404515
498381741390
179357476253132
179646387010391
201553401524
179088182478642
178913867880805
179578665888855
179684838440507
179048774344363
179621831950275
179355362751729
477495135000
179217424959509
388994268840
179574023393286
338949877727
749802465230
613124493345
178961712026080
179022071686359
179421481956178
202681597980
357072572735
179048774344363
817079209287
100999830347
179146278721982
178969524051148
202427032869
808179130054
636571050599
206327943337
179455885583739
179219089361775
131684794974
179560525584375
179202702503151
179335162132443
179545353498187
179427249496982
473113107119
179100855624213
611736764364
20065395112
179628357796375
179469915934323
179352581038439
179615089362374
97462458152
179587262791417
143610315938835
179128005711499
179242734835684
179370029147860
593256633343
319557053164
179637565077469
179407938099659
179649994815350
179657938903472
17551358938
815685996453
179015066033295
179532628892122
448652881448
179716368546670
518089655816
179382925430886
636336713300
246747854313
179578882950661
179384457022825
561899721289
179347907223679
179617750971838
271335543675
4387801098212
179560989277705
244802633857
179320625967495
179331543872655
89663184326
417896488145
179692455683094
60238860485
179146660012040
523551363917
179066830085029
179255904895857
179690122172871
179452748507095
179237446117149
178951731988954
179365935282386
179505315962278
179450967514570
179350238842517
318138603340
179146278721982
354687868912
743445954971
179359492299224
499199656159
425052559599
683178873291
179628357796375
179686442100452
179684492799563
179363726620561
179181677625234
179083150379012
179145022750164
179724973517482
36194390195545
237634934683
179670211298580
179384457022825
179145022750164
179191244593100
178902340622686
179246003758721
558787914674
179081422970000
179197869774400
104893867102
488840841872
179097324236393
179450967514570
179575149034639
179711521952147
179713519921818
178930018518583
179410509022323
179263459721586
179564434252189
179084664900153
179600986342744
6179346538
213891629805
627107773721
179515913665023
230261156057
179328775661795
179347907223679
179421481956178
179093880784664
179684492799563
179348769672839
384052945302
179568265974312
179076139592178
178941907052480
100366651628
178961712026080
179205309939605
178977690289570
179018386373043
179247331311053
179454072928224
179384703329437
124619476175
179621897338089
186806025871
529147982214
179189051109696
179064787905009
179317872631746
179058737474575
610085108367
179438408401255
179497584864701
179475269645765
178945143895326
105167255184
179721179872404
179212391003277
179396774770921
797916787761
101776844984
178975735228684
179226319407840
735587785017
178928009590454
448790802044
224438610349
586541946308
179572458995993
179103638498235
179088182478642
643641316081
80752146808
179252396812971
179212391003277
178963761889829
531731197881
179119743971514
179148569857355
179591404054796
630794934284
178949291592460
105701809586961
179478843140916
178982429908031
179728023416354
178910481891341
178950914982073
179339361146497
178951731988954
179231817067372
179207339866455
179713519921818
606789181340
179608278162014
178921177154670
511484604500
178882788920588
179210611620497
179074609658334
179607307929738
179519433991246
179123289259521
179363726620561
179429381961127
247589337203
179194229282499
132122936762
179512881284671
179092136658184
179318881324403
179368552913876
179643213724116
828744812795
109831049448
179018386373043
459386152550
179551138753300
278120682433
348850765730
179269969298094
179423395305267
389615585327
179222674758600
179394493109981
167212910188
686564405101
343297355297
179660657059179
22634982171
179452748507095
179534188166319
179053705768046
172077657598
179198960436029
355748846795
64064092584
179066082624108
158110640001
207295975077
179148569857355
179356653545664
609244269790
1038787939
326364622733
179343818828001
179455430852729
416248551537
719923191228
179250113079345
521992366273
151971399838
10886020702
434509013897
707998279631
782685435513
249209123032
179342548661900
262540107291
179565970198162
178995243850674
179626510600025
178944351953527
665192393303
179532628892122
179007102726488
140614464100
500453376457
435561121179
300613702118
179568265974312
349781373836
204448997994
179628357796375
179133248643571
444755408702
179348293260746
179536149184299
5048767377
179449687413332
505184557564
3666482630
544698720252
22086752064
212226865535
117099873877
164520249028
179192342156046
179508868649442
179462231368674
179585441354653
179677286752156
179193149898449
133087390411
179350238842517
178995243850674
779121352531
179200984059204
178959678723069
178979003918073
179652845230742
179426216127699
179008659966222
179124688671272
445668408448
179362288830320
179611254394577
179142273102122
178979367390404
41854634105
179450967514570
97076556570
179564434252189
179339448332030
179036221558317
179227715339682
178990851329539
179254387518277
179039094779347
179372030183367
179198241214745
179485301408573
179058737474575
179058737474575
179572458995993
178882788920588
497627720704
179179985862580
179239479657203
424012054747
179616783808246
63777121434
179711521952147
178937254433044
179367290554713
219748117259
254020480395
179055977021053
864385312912
179404483895108
178957293643207
179114320319797
179538328650826
6203687655
179023609491387
179539945038058
179061529431262
179142273102122
178973467096155
179342410106810
179511296377080
179064248414610
427124624832
179123289259521
204681659465
178885557941985
179432443799846
179616372656406
179619785552304
789747756401
780929317794
829828234494
179177153314629
179537676882061
179655632006934
179142273102122
56603901287
179355362751729
179105461171348
179322953404912
379480001289
378417047876
179411103112046
179382678049675
179326306069150
602650703543
179111383090668
23924136089
760194971590
107867448089
178957293643207
179248483531876
179438408401255
104870860447
178925535722891
179710079847489
179437693633017
179352581038439
179668543081802
179621897338089
179147466208471
179603772356043
178897077522414
179191244593100
179008976493049
225397714945
179051204648967
179328775661795
179689837954358
179452748507095
179352581038439
179417291956908
179561419391052
798284663248
179348293260746
179691298461542
12500765117
301856811759
178967577534382
179223270357160
362943045387
90902776479841
498305962411
179255904895857
508053932709
179157409859124
179357476253132
179417291956908
179056669858028
830041949204
80116383559
179578882950661
179542041129607
533285243933
179409405623424
578012188476
453789891687
179455885583739
179340785173658
179704643522307
178959678723069
179008976493049
555465578604
179418608141105
179145022750164
179402619922446
6686170363
179194086808814
179210611620497
179348769672839
179202702503151
179066082624108
179645379638121
568237677800
557408234967
179593888066347
179478843140916
383391416411
179258620626694
179415712079740
834641025024
865727477301
179494686439283
791021164081
179508868649442
751479151297
608938475680
128591648866
179378255977829
179245644145190
625657241320
262948069387
310702049152
179545353498187
179216434213672
179477047203745
449260849297
66653132085
179323821453475
179099482130047
594484899660
564944433335
179183083819615
467276141603
179147466208471
179517063790357
510264023852
179339095171316
179721179872404
179591404054796
179448096996617
179617477533961
179440017303982
411915328824
179475269645765
179579722968579
179339361146497
753795685667
179358709243810
179713519921818
179673629930666
312470354556
166061419604
61734348398200
179517063790357
97622661334
179055977021053
178933655892518
178897077522414
12960182722825
178933655892518
179358709243810
179564434252189
179534188166319
179552852490475
179392640789194
179246421234262
94871247797
179165556411362
179616783808246
777829988883
280968274109
117512377724
627804942036
271617401448
82095003754
179464399122047
179519064473695
178881844130308
179008659966222
327482852139
178918398716725
244669063436
179212391003277
179157409859124
59530737908
496627490149
179354326275758
799164646793
179488787269102
179018524285535
179510273974561
178900402293571
179560525584375
178913867880805
648586490197
472848778438
179317872631746
178893908894346
178904852882119
179474511941984
179467132217509
179118374659835
179346656316256
179055409412238
179233291765579
179328683199841
485315735698
179528968809748
179192342156046
178988090758766
681571973845
178995243850674
179599130581228
178979367390404
179227715339682
179631913287589
179637565077469
178945143895326
179342410106810
179720362086880
179367290554713
178889335118369
179624460724260
178920209476560
178925535722891
179562817594031
771779684910
509178797916
178920209476560
179729674589461
351150087388
179369673204484
2852813748
8717079134997
178989937824435
179477047203745
179462231368674
178988573354975
2226547413912
793246958748
453464416121
48509031697336
179147003783454
221985578021
472087075150
594983606218
179632856938341
179616372656406
179469915934323
179225622034148
201783155467
179052270900263
179578665888855
179677286752156
179363726620561
179173154609992
179568265974312
441698688512
178963761889829
178998403322280
641053102373
179630348039312
812702128406
179127463038662
179715277441888
10012235210
179051204648967
178952802351170
738956935344
179422932316068
736977181474
179000714945136
179646197226086
334918528776
348142390840
179607307929738
178935786282587
766121459117
179622292558395
179557080910812
179036221558317
179698793230483
376480711245
179659990992601
179641631862219
179561287000665
179424830301133
179255904895857
519995486986
179328099458208
179065104497250
179355362751729
179028503874036
617500727206
250307582296
179050707934962
179052270900263
634514305248
178973678144950
179022071686359
179061529431262
179223972428901
179328683199841
178981223718498
119886872848
495720576679
402592209672
179564434252189
179269969298094
178959678723069
179364592511881
861111111100
179624460724260
183441468520
179547115773235
179675179731305
179469915934323
594801899249
638371414202
179647582611716
179505315962278
179561287000665
432560544096
813174475382
179660657059179
179684838440507
179466619536699
178977690289570
173016203014
430576338729
534480327595
179175774540338
722410048391
178885248866531
179729674589461
179677286752156
256197879828
363532327942
783736273267
179580542042950
178963761889829
179595695948009
179064248414610
179490569090042
3330289864193
178884826333581
179548256902483
208272766114
793683609456
179483590705852
179233291765579
8711894777921
678246912809
178904852882119
179523183676117
179562817594031
506298593530
179140118062320
871701016247
228154175685
179166840612693
179475269645765
179097344487483
179657938903472
723253167645
179576764364799
179081422970000
179362288830320
179107948832700
178954443824897
179416183692612
327771513640
193369105055
759295090860
33054460617
179245644145190
559217240833
179323821453475
179202716927849
179416183692612
179269969298094
178994160918603
179202716927849
179631913287589
179581719782698
178930667822693
179247331311053
363450617074
512127083659
179243138798258
178925535722891
179023609491387
549842656659
179672800287069
179663744052893
179014050139698
179188520649539
179078363759768
179090974096549
179532473479682
179427249496982
75218062206
179103638498235
321069116485
179551138753300
179350238842517
208801502576
179471973792885
179458891420628
178935596968165
786616491254
179148569857355
525812675984
576124654206
683324421074
178951731988954
179610240201406
179597076720176
179555942995481
178884826333581
179652845230742
179483590705852
706657583734
645883181607
339395323392
556610681990
506890594443
837074170079
179455430852729
179157409859124
6592867110797
179199511549638
178908803284682
179553234411609
564860823675
15408559806
179384457022825
179076696256360
179464399122047
179497584864701
179693198916465
179471973792885
352037493393
178921795187507
179365935282386
771385055101
715742402490
321656009643
776560597121
179544592303274
179064248414610
417043729793
179166761115
141249681969
753744348906
733509962010
179076696256360
831719673960
179105461171348
179111383090668
179677286752156
179411103112046
178918398716725
178992745011911
320375793564
675051400524
179568265974312
178967577534382
178979367390404
178965895951571
656576853592
34039604649392
179475988660634
179436039114400
698606593392
21506454897
589928350339
179162683491608
3682477990
114476816400
748057390071
53486318263
179579722968579
179551138753300
718106514648
179662426633446
178957293643207
788611512032
179200984059204
179616372656406
13956779156
179179777412128
178895344632438
179363726620561
179114320319797
179564555869113
179648790977154
179676023535252
214216003417
827309538972
178986226930870
184525306449
141111373610
179666023132335
735474095216
282988120801
179147466208471
559275766007
593433114450
179591404054796
179025025448903
179034139250807
91253937040
719283321157
193965547281
815283036722
614505661026
179715997097410
179131674675370
179442945676141
178943803103940
179448096996617
179423101211768
178937349762530
171520919454
863577064433
179485301408573
179551138753300
759751676579
179637565077469
179126563745817
641780064640
179664650823696
179400060768393
173640333648
119099115680
179128005711499
179112254244549
179339361146497
179701465511541
179555942995481
179375174875868
805715938116
777854557593
179575269727051
265253599975
179057176855097
179426216127699
22062437220
179197869774400
307928286888
178986479915628
179521296654446
179575269727051
427296227285
179506415832625
179243259853652
179496772371989
179148707866449
400641419134
179444774322359
289399294598
178973678144950
178882820228280
619998263961
179411103112046
595571974253
46248978528
178986479915628
179346656316256
444695634216
179689837954358
179023009157227
178963022031975
30749163189
757042523140
468805066279
179187310987252
178945143895326
158988826348
179249643730623
709217829978
179090974096549
179528968809748
139202760751
776581769860
35743499309
179053705768046
262420419276
179347907223679
178882820228280
17289025941750
19525811724
179684895908669
178943803103940
178999561483558
179405859136642
206558743607
178998403322280
380070484669
179641631862219
178989582581051
262483363193
21340829940
97745280789
178921795187507
179592403660930
549450937900
731040671735
174693342323
771093218147
178988090758766
179048774344363
621966986900
202996637248
179378255977829
735405549748
178907304392250
733688109449
179561419391052
179008659966222
179549701718334
178963761889829
468932208200
179652845230742
179331543872655
8375141109
463017856875
179072596957308
179677286752156
179127463038662
179608278162014
336346384700
337120556010
179384457022825
179018524285535
178882788920588
178938407638511
179600208878385
327482448783
569671314988
179243865183588
179238343078923
648350029929
683318214155
253558001735
88155473273419
179250847422961
179097872435605
179116282671263
179542041129607
179011566670821
179560989277705
750936579302
179659990992601
179053471992225
178967577534382
612038806054
217057953839
344080563737
179245644145190
724622514688
795911070350
179187310987252
179335162132443
179171320173457
179080386161950
179145022750164
63933471175
505950819877
179114320319797
17289025941750
179658964158279
179350238842517
179437693633017
179116282671263
179608223975358
179507971700082
179263459721586
179361794910212
179114320319797
179240784045946
567430405738
644498231521
179254387518277
179358709243810
179628357796375
179088182478642
350317827497
179445817385953
179697730115536
179019460186561
179148707866449
179478843140916
461441710912
178957293643207
666278910281
179382925430886
178921795187507
179441602753116
168741130075
179485301408573
194851940416
179022071686359
179044385385504
179375174875868
179713193251987
478725492087
179083150379012
179005298939907
179664650823696
827561520321
179240784045946
179593888066347
179590221306458
179142273102122
179072596957308
179622292558395
179696391305133
178984308940132
179021817396111
810374156707
179641142098597
807065405406
3315630477949
630959711774
179041228024037
65705055947539
178986479915628
179361794910212
179097344487483
179600208878385
178945143895326
179192342156046
841529691283
464880245166
179590221306458
179691298461542
179477047203745
527724452533
179562817594031
179346656316256
14824184035
179018524285535
72871013936
179558079543397
179416183692612
178940035196874
658834701303
179574023393286
179455885583739
179372241799153
179335162132443
179135339994590
179055409412238
666925624001
253372141608
791254660420
179163709015452
179247331311053
150622372347
41800108807
179076139592178
12775612855
179133248643571
776998193789
689587571869
179237036235970
178930667822693
179475269645765
179532628892122
179728023416354
179217424959509
814041068700
179501292502210
2438061585
179666515267092
348696029452
764133326550
179658964158279
179028503874036
179011566670821
179107948832700
179227715339682
35803298162
179445817385953
179549701718334
279508941499
241556265425
33113554350202
179587262791417
179402619922446
733737686763
15798722258
179175774540338
179574023393286
244993413035
179460804583964
43826929742
42268109125
179092136658184
178937254433044
772757183880
625433036791
179342410106810
179345757393436
179128686972754
412198286961
178921048085892
179422932316068
98393469026
705072340360
296431099067
122974702139947
359575302367
418182046212
179547115773235
179148042712819
179644656290093
179128686972754
754825182520
716382224227
179010684047189
428387630172
1036016913635
179400060768393
313724311804
179023009157227
62699577918
179174994884195
179153514810246
179207902584979
179047354859377
179079539358619
179014050139698
179133248643571
179195236739375
179099482130047
588424377320
179178047009620
74479327842
10133436733
179265913599091
179681426499627
745514816778
179050707934962
455616504725
179018386373043
179645379638121
179715277441888
179066830085029
501080779433
179328683199841
179437693633017
179455430852729
840092722583
179114320319797
179608278162014
179711521952147
460080199043
557340540631
178965895951571
179652845230742
179134536405829
179182002540871
114862339401
832812013363
179180350052334
179179777412128
802671748664
179010684047189
179357184315291
178891091688742
591179915992
179243259853652
503878579947
179058737474575
179561680528338
661130501
179356653545664
179320986671792
619162960599
179147466208471
179421887630976
179527482545161
557001757097
179666023132335
179363726620561
179419509712342
279317797150
344413245098
179248159037762
179475988660634
179023009157227
16173347975
179360807198398
179387171303948
549614877168
178928009590454
179384457022825
179494686439283
179666515267092
178982700818802
179064248414610
505874480160
630064174926
421795494381
185181072950
179448096996617
179512881284671
179064248414610
750205683300
179040431855847
179124557723593
179142273102122
179384999560328
179040431855847
679248296679
179621859982979
179430616911155
33082588180855
179032147807624
179602982850484
179065104497250
649819664413
183179438573
179464898147742
179350238842517
155475572520
179385392642720
179339361146497
179257443669670
766665555817
189376787370
179468839564568
74202494138
1641056609271
179250847422961
838247495132
1056501610
179097872435605
179229736227681
179095675528501
278485967142
179369718308793
179422932316068
179433641450110
179213048996458
178937349762530
60162495552
179429381961127
179442945676141
822532311187
206177001899
179200984059204
178986479915628
179385085591105
233517474408
179515287624537
179699995563500
179089221581771
179165556411362
179018386373043
179574023393286
179130087940521
624379284720
350308158337
178996710871678
179547115773235
225654470208
179538328650826
74181419935
179688348810290
179320625967495
179660057830672
179369673204484
179335162132443
179608223975358
487496754210
210396603217
179569735388883
398406477634
178905628179257
178989582581051
814971758218
46725963385
178963761889829
178925864296847
179365935282386
178935786282587
179152679746553
178935786282587
179199511549638
12517248678
179034139250807
738927818463
47853803917
179396774770921
179421481956178
364023781444
179677739183549
402961183912
179437443459367
179515287624537
179005430749867
179391082248463
179704754036464
104732772784
90260959433
179464399122047
179002544175235
259248508489
179197869774400
358763857169
179254288711625
605354185766
210952034412
179051204648967
179207339866455
179248483531876
599699137638
56393348792
179147003783454
179568105136194
436479210124
178938407638511
179645379638121
179676023535252
271347183643
179508868649442
179488787269102
179626510600025
179076696256360
179265913599091
179175774540338
178951731988954
192314848571
179564555869113
179135339994590
300085317412
692672586597
178935596968165
673897550506
178992745011911
713333746649
179624460724260
179708119065614
179150767781560
76828201482
510981538359
179112254244549
511525883372
179246421234262
179155511043591
143251128751
179245644145190
179130087940521
51042303133
604178715100
179613946513255
179093880784664
788182959563
729165265995
804043747751
179242734835684
179023009157227
179729674589461
179641519697397
13105822359
179609448141967
223952357493
179194385375118
179590221306458
52369466326
774802546359
179423101211768
484171493201
601997967843
659605085602
179437693633017
680641699621
67975373185
87662658141
178989937824435
85085962422
179608278162014
179643213724116
303462330703
17196577529863
806294082226
179662426633446
178893908894346
179210611620497
179071205891775
179150767781560
266460132231
179357184315291
556968676301
179645394360647
179056669858028
179595695948009
178951731988954
179641519697397
3909352683
179328775661795
660072911122
178903450182163
179474511941984
4343369003056
178895344632438
19969846065
55315610450
684072919293
179384999560328
178999561483558
179513890950166
179198241214745
179147658613294
370856424222
178931920843435
179599130581228
626414281037
592317425554
178984308940132
178950914982073
179018524285535
179217535909668
585672267502
179729674589461
219720932097
474720859500
179060735983103
179438408401255
179318881324403
179440017303982
179068887500080
179430616911155
179032147807624
179633838985588
315549471673
179491450011184
179565970198162
627908490099
446558289637
179051204648967
179711345997705
703788904186
608350617571
179323821453475
179706321030558
20976913065
293858171279
179093486131838
179421887630976
179505315962278
632074520437
469805348367
179131674675370
179504907547197
179252396812971
248280609681
178998403322280
179547115773235
565625369208
343168679077
179508868649442
178944351953527
179672800287069
439129443931
179677286752156
179512881284671
179568398411055
36076318412
178968451190558
7132317623
383925341069
179244025477606
179200984059204
490701422567
179066082624108
716977731135
179511296377080
179464399122047
522789643690
85657340136
670093516861
179200984059204
280077480658
179142180836055
179318881324403
65761559714574
179182002540871
178902340622686
143610315938835
179011566670821
179100855624213
179641142098597
304062437753
179510273974561
31383607554
184976515015
178949291592460
772426100859
178996226142631
179593888066347
574848394201
179578665888855
47679960078
179416183692612
882892467938
807072748083
179692455683094
179068887500080
520491333861
179061529431262
205505338972
179702391763635
178968451190558
179552852490475
641032576761
179109833284993
179005298939907
179568265974312
179343818828001
179245644145190
179384602930986
178941907052480
789814683935
179665675392761
178911394428960
616388700640
603857831368
771304916125
179317872631746
179163709015452
13628358881
218279129927
833805835230
179015066033295
179251343675191
298381740727
179018386373043
179483590705852
179092136658184
179414307750210
55060281697
179205367065765
179457592315894
179153514810246
179332486349673
178930018518583
3264632476854
444173148567
516734694114
512123998578
439994623467
179652845230742
178921048085892
419824157764
569059702752
179147466208471
179047354859377
115846239704
179140118062320
644405023547
179710079847489
179426216127699
179096077738372
179165419825472
690636306246
179339448332030
178907304392250
488943320695
615548214169
179124688671272
179045783074102
178949291592460
179443813250537
217515699408
179455885583739
179348769672839
179144396907018
179515913665023
179357184315291
675801569746
179673629930666
179568105136194
178998403322280
179387171303948
566530622745
179622330967968
178981223718498
446711073254
48507330456570
133167738992
179015066033295
179515287624537
179348293260746
846834878912
600413368749
179231817067372
10932702445
438230644971
744003937176
3320255472632
179243865183588
555327227802
179155511043591
178945306312402
509737130584
650653672592
320707029383
351555009199
643269661679
179022071686359
84393813879
179544018359028
167921947593
179248018835386
393585427119
178994772073531
179696391305133
179611254394577
530085583528
568495662787
365206923259
251272929704
179537800951652
179076139592178
179328683199841
178887487413953
578030289592
179610240201406
178989937824435
346930873663
347009190061
179706321030558
179512881284671
179690122172871
616127604614
179632856938341
179249643730623
810034297788
179223972428901
179517867204143
865206742384
590979901638
179611829566235
552846732869
179323614862240
178999561483558
179234226112383
179391082248463
520379093457
592081865914
32260750993
642026360805
251018804174
88155473273419
179448096996617
179508868649442
11431897329
179074609658334
179478776143391
402269378927
179157409859124
205617334834
178959678723069
179130087940521
178889335118369
178952767817755
1968979919
279691133645
136098084316
179384457022825
179657938903472
829701618415
188018636362
179061529431262
179216434213672
146480562860
40198877309
179716368546670
179713193251987
179713519921818
179457592315894
179017940172723
179254288711625
179491450011184
179025025448903
179248018835386
687654382132
734366238802
277017669834
741275984422
179647582611716
179631913287589
394902848522
179037654773776
511059899130
179716368546670
178891258392059
179005430749867
178969173559862
2313855274
179244025477606
179207339866455
179335744582708
179696391305133
179372241799153
366229617712
179421481956178
722878143376
178990851329539
179191065924275
178921177154670
362345253410
179163709015452
113203663879
179449687413332
594939132517
179665675392761
179648790977154
179198960436029
179643213724116
817743606232
178930667822693
179693198916465
179560525584375
179140118062320
726124542442
179235346338471
566787578262
4431569569582
179641519697397
179060250850681
6543640776578
178929136561554
178921795187507
179686442100452
179558806239305
827619504510
744102335092
671300323760
179068887500080
805301895045
585212799900
334997405873
178973307928304
76635165888
179123289259521
326950755
179400483746969
179695044033158
179050707934962
179505315962278
179044385385504
178938407638511
179423395305267
179685430753079
179392640789194
178992745011911
179387171303948
178930018518583
698131862732
179688348810290
179663744052893
432789902162
179337365262436
179655814615968
775268031959
390708060786
621103316537
179168075382083
179613177742939
179641849661318
273449046045
122527829525
179482544261653
179196444276816
179152679746553
524594084989
179168075382083
662774514397
178997722618684
179197869774400
108581440917
179194086808814
289011574471
179579722968579
178959678723069
179549701718334
179673629930666
6543640776578
178930018518583
179555942995481
179036221558317
179095675528501
179368552913876
179251343675191
179323821453475
179552852490475
37013411928
490014950183
489501899587
178994160918603
179131674675370
61734348398200
179113356717405
179391082248463
55904916997
539200980448
179350238842517
179698793230483
748614136188
179650879817831
229622217940
628866208993
178931920843435
567187817040
179564434252189
179410509022323
179676023535252
179097344487483
179502982247321
179647582611716
178898515395495
179666023132335
179466619536699
179021170545968
179437443459367
179670211298580
179072596957308
792045735228
178931920843435
264498070985
179056669858028
89289931178
392606698623
50309626264023
178982429908031
179357184315291
443673950060
179268030243727
179637003200160
52928909501
179248018835386
507654874718
179721179872404
178945306312402
353768544942
179677286752156
275394230939
507129480754
212228923199
179197869774400
179645379638121
179655814615968
797438253428
179102572935509
179207339866455
178986226930870
179561680528338
389935118668
178967577534382
179568265974312
128258885260
179076696256360
179427249496982
179191244593100
445308979359
179118374659835
179126563745817
179178047009620
179348769672839
178968451190558
473373237794
179568265974312
179240784045946
178978640962563
179340785173658
179023009157227
179229736227681
326240689768
540949739465
179227715339682
465284276358
431824287500
179244025477606
404341537256
179578882950661
364755280427
179205367065765
178973678144950
4000472581
575807261936
179438408401255
179205367065765
179681426499627
179702803964837
657246970711
178979367390404
366489871967
597480851054
179560525584375
90421819902
796754108379
179065104497250
179128686972754
179643213724116
179547115773235
179362288830320
695948198437
379724274462
179658964158279
187796811466
179648790977154
234242074754
755721164380
655634458177
179482544261653
178956337972200
28090118170
233179489756
179715997097410
179367290554713
1432628591
178898515395495
179048774344363
179467132217509
522125843179
44153765953
179134536405829
179480629938822
179579722968579
179248018835386
179207339866455
714703968944
178969524051148
178911394428960
178977690289570
169798073624
62033663185
179587262791417
179473111852484
179693198916465
179109833284993
178921048085892
179357184315291
178937254433044
179324473178778
567239414993
178910481891341
758570993492
134522630904
212112969104
178988573354975
263740722705
110314700267
764772077722
178505385563
178952802351170
636207487523
715024476354
179352262080709
331698656920
356552284250
793488576333
467247883557
178918398716725
179641519697397
179210611620497
122474647443
179565970198162
706547362302
178951731988954
179323821453475
165907924196
834142002743
179000388625257
179248018835386
179357184315291
179720362086880
179079539358619
434713197725
766847344993
179131674675370
179428261179481
504782111745
839531172560
179032147807624
814025546077
179583917303930
447750844224
179334360077765
857078118341
749819941692
179528968809748
526847810019
12832078186195
193242123256
3921410190
445883362721
361433408427
83437653757
179170108437400
179613946513255
179339095171316
327143602750
636917338917
707073338327
179330317000238
413379942952
122974702139947
179430616911155
776352817558
178907304392250
179704643522307
179163709015452
724023522064
179328683199841
179060735983103
29750681060
178956337972200
179133248643571
179643213724116
607147103317
688987816012
179637003200160
498960070069
179678267305667
179632856938341
179187310987252
179350238842517
178905628179257
179564434252189
178905628179257
178891091688742
179646387010391
402276688290
567775574149
179504907547197
179248018835386
179330692150922
205541769176
179078363759768
179028296762709
179491450011184
388664132114
849449007001
179475988660634
691966421439
209779651225
393438940092
303988221398
179066830085029
179664650823696
36194390195545
179340785173658
341874118849
220080965109
863200535052
179615089362374
179519064473695
179560989277705
804419804761
179384457022825
179684838440507
179382678049675
126181341810
179664650823696
179630348039312
759394298662
179585441354653
179560525584375
389975741515
179328775661795
364911225453
179650879817831
179008659966222
179254387518277
179136154258215
179512881284671
179237446117149
179677739183549
178943803103940
148811819855
461425972018
179174994884195
179564434252189
179123676125280
417747153565
179631913287589
179177153314629
179160908302817
179159242402344
236567968139
179530551228399
179246421234262
178963022031975
712843111398
555508980011
178965895951571
179076696256360
179492961145693
179055977021053
537816283082
179510273974561
179188520649539
179121636033288
116588375249
855866575091
409071502203
336828408027
179028296762709
90902776479841
455449945645
179528968809748
179422932316068
179630348039312
179197869774400
179248125413990
179412164002824
835590748140
179494686439283
179655632006934
179448096996617
178895344632438
179705328822872
178929136561554
630135333744
179361794910212
179477047203745
288270464542
179547115773235
178982429908031
261366274610
179191244593100
179005298939907
178887959956980
179363726620561
179179777412128
179369673204484
179717139698174
261168881006
179076696256360
324028647460
179495451980186
179036221558317
699328263777
238441494800
179655843223680
179357184315291
179686442100452
178363858016
179391044817293
179557080910812
179555067758589
179681426499627
320482277574
179608223975358
179440017303982
92189666505
179440017303982
179684838440507
4940737596
178940035196874
179664551903492
179210611620497
179205367065765
179264873229028
179537800951652
15469495834
391877294472
179564434252189
179561287000665
179624460724260
179558079543397
461971586260
690059678081
179427249496982
525334357436
179595695948009
449580678070
437024534995
158484938087
178882820228280
179002544175235
429920859058
710715343739
623786686062
615896739955
179478776143391
146068162866
179062246076140
553034920565
843488680789
179198241214745
512462701197
179418608141105
139243074985
179356653545664
92894644060
336013251694
179136154258215
356841625233
370705208688
179452748507095
178882788920588
178941907052480
179480629938822
639547922282
179264703603681
179326306069150
54315078444
179246421234262
179048774344363
780574252648
179160908302817
179412164002824
179664551903492
159777451314
179017940172723
240332492204
179511296377080
230078989428
178998403322280
179478843140916
179332486349673
174920333761
179061529431262
179477047203745
179437693633017
178952767817755
179632856938341
179506415832625
238134745014
178902340622686
179482544261653
179250847422961
444272295340
233890400246
179163709015452
179179694414258
178929136561554
179178047009620
246557927164
178890066558038
243991861375
179225622034148
270655491079
178973307928304
179364592511881
179263459721586
94231914083
794593682241
608111344171
179458891420628
593346927966
302561201115
628222255746
745724451275
179320625967495
179119743971514
728692633813
82240052008
179619785552304
386293020197
179361794910212
178952767817755
179415712079740
179421887630976
179233291765579
678734196181
179364592511881
783311172344
179654689963371
179134536405829
585541654458
179565970198162
426453079045
686771788600
179421481956178
488140107451
179510273974561
179414307750210
179326306069150
179363063367264
179205367065765
103029461290
56182937522
179549701718334
301274960391
179000388625257
179600986342744
179649994815350
179506415832625
672636272274
179060735983103
179553234411609
689044232976
48448799469375
179126563745817
179342410106810
179069410852099
179148042712819
368604659132
179180350052334
68771462713
179393381637078
179165556411362
179131674675370
179092136658184
179579722968579
163838908343
179688136834206
179234226112383
179684492799563
179048774344363
179229736227681
4567531775
543357928983
179394994245306
178989937824435
286121770784
142175124358
179684895908669
29106122026
16368287781
179136931695116
179355362751729
178910481891341
179419509712342
421292415963
179345757393436
179391082248463
179441602753116
287955416486
306096457017
179710079847489
179604696118525
645587499064
149095818768
321884431672
786270445293
179237446117149
179379788958587
3316499047
800143751415
179468839564568
179482544261653
179339448332030
179611254394577
179055409412238
179558079543397
179544592303274
179034139250807
179103638498235
387387451553
501623807241
744922407412
659410182907
437160733792
522768356141
179324473178778
509652523161
179538328650826
179123289259521
714615806729
776153641706
179517063790357
179359492299224
178997722618684
110438995468
179552852490475
782163267738
179621897338089
179455885583739
369238325693
109562716079
99877234674
656694980417
179041228024037
630947927555
235732041332
49223452791
179266135316046
178914994167685
290956182745
179681243801846
107417536890
179368163418210
178947319901914
179216434213672
179681402710518
179075954941414
619464323039
449130211445
179266135316046
179527482545161
179558806239305
179360807198398
179204692531264
179658964158279
179002544175235
179512710310362
179437693633017
311067331042
179597076720176
179678267305667
271015563648
179538328650826
179121636033288
179177153314629
394603413461
178916413225936
178952802351170
443669565270
179387171303948
178968451190558
68763424903
8321207981
179729674589461
179646387010391
179051204648967
44300124668
179450967514570
179259754212644
128000520769
284996779745
179244025477606
179328683199841
136387109805
179657938903472
179545353498187
645333361857
4387081808049
179100855624213
179643213724116
179485301408573
195300103638
179181677625234
179649994815350
179226319407840
179074609658334
644099582857
133331402900
178929136561554
99487061644
179480629938822
281681463645
179385392642720
179517063790357
179393502076825
779312941853
179195236739375
179477047203745
179092136658184
179597076720176
179655843223680
604566216956
179053471992225
179685430753079
179701465511541
730364609530
178944351953527
179335744582708
179357184315291
34039604649392
390481889529
179688136834206
772803209285
179246003758721
179677739183549
335537474273
29062799521
178889917057726
179114320319797
179593888066347
660399339469
179202702503151
178891258392059
179032147807624
179200984059204
288869730335
173514824113
178973467096155
179040431855847
172610178341
179136931695116
196992648795
179421481956178
470013223215
179504907547197
179055409412238
179155165417227
178886917239336
179382925430886
179467132217509
179394994245306
179191244593100
179131674675370
179093880784664
179032147807624
726503299267
251145519623
179477047203745
179343818828001
208287066955
179199511549638
484998648504
6565549454
178982700818802
749568690916
179512710310362
178994160918603
178967577534382
179060735983103
768656341541
179670211298580
221696510132
261784989139
179249643730623
179174994884195
559578130717
15673793750
872242035623
90134234144
179372816159771
179647582611716
433727135689
541885171928
179678267305667
428582844028
179649994815350
179194385375118
179124557723593
122395729296
179071205891775
179078363759768
248111171461
178971237726843
153684792291
179581719782698
178995243850674
179718989771096
782128978945
831356995867
179593888066347
179358709243810
96553747610125
179711345997705
179698793230483
179512881284671
179348293260746
69861629743
460774476686
179229736227681
178891091688742
179175774540338
365468574125
179337365262436
636349415614
179468839564568
178995243850674
56019402499
179110043986580
81705880269
570336196279
179402619922446
179464399122047
178979003918073
91475282991
179160908302817
179582040534950
178905628179257
517375119814
17246942149675
179372241799153
313394254658
179322953404912
179128686972754
178930018518583
179368163418210
179372030183367
179348769672839
179339448332030
179411103112046
179649994815350
179568105136194
179621859982979
70652637193
294053979666
179235346338471
179702391763635
179008976493049
179116282671263
179346656316256
140755642291964
178949291592460
100806404204
179252396812971
179350238842517
179039094779347
179617477533961
810504180500
179011566670821
179130087940521
179216434213672
275796050375
441506810192
179555067758589
179018386373043
32955632539
178895344632438
179560525584375
502233841492
578154167907
572991047714
178943803103940
179561287000665
718461507986
125157509972
179692455683094
143877837227
179246421234262
179481105652485
179075954941414
179055409412238
179107726838270
269599723522
346176407529
179199511549638
422059658071
179348293260746
179065104497250
774180655631
179002544175235
179090974096549
179515913665023
179515287624537
179693198916465
179095675528501
179128005711499
290393532484
781407344171
447708029481
179578882950661
385247390884
178982429908031
179539945038058
179412164002824
179385392642720
1250351406
179385392642720
178943803103940
179069410852099
801503765675
337521656289
179560989277705
179160908302817
178953184075703
725212877156
179591404054796
178897077522414
179097344487483
179419509712342
179052592511880
828865758652
179243865183588
179240865605784
556460364140
179255904895857
179644656290093
179576764364799
356599773393
303272680036
179523183676117
179437693633017
204059278335
179649994815350
846089674868
859535802171
179729674589461
385589932634
75908063254
179449687413332
179248159037762
179545353498187
179210611620497
179493344875590
179574023393286
179661579965094
179106051062589
96553747610125
179721179872404
179259754212644
591593402076
179512881284671
179052270900263
130690496080
179352262080709
179715277441888
45765961282
178911394428960
179641849661318
85941672520
663969720668
179580542042950
179649994815350
179179777412128
179100855624213
546135353417
179199511549638
305249946746
648956825854
179175774540338
179217424959509
179427249496982
178889917057726
558485121797
214253572884
179368163418210
179372030183367
179048774344363
178982700818802
179051204648967
179066082624108
179039094779347
512331838903
179552852490475
179621859982979
299244231109
277755908853
57161498751
179455430852729
533926335486
179706321030558
719024879563
179225622034148
179414307750210
179607307929738
179681426499627
657083823782
179175774540338
179649994815350
179508868649442
179126563745817
179421481956178
179011566670821
550447280468
179398684087386
611935348833
504323800603
243368478595
179692455683094
179422932316068
179255904895857
179643213724116
555164804973
179695044033158
179328683199841
178959109724302
179337365262436
744044167403
179062246076140
179628357796375
179348293260746
585594759107
179705328822872
27420765936
179690122172871
56323330489
179231038644432
179660057830672
179227715339682
561759846044
179434865913671
179576764364799
647044635802
684811330437
179466619536699
178998403322280
178968451190558
179200984059204
266570216522
179621897338089
179426766204580
179184744497287
799064525221
474702276760
179103638498235
178905628179257
179243259853652
179317872631746
777930886800
179477504074115
179214927084273
179335162132443
179198241214745
747107914915
796731777416
179646197226086
886127583887
178979367390404
1090505665428
179622292558395
179628357796375
178885557941985
178914994167685
179200984059204
179175975005945
373016742430
506303503348
178999561483558
179240784045946
687057682329
187729985219
521990982728
813728517114
1069282574504
179448096996617
280395421014
179474511941984
179404483895108
178918398716725
179404483895108
420981150955
179028296762709
179537800951652
179659990992601
179000714945136
777720964885
179345757393436
592145253248
141702965779
815720571375
170798160136
178986226930870
178930667822693
179560989277705
682510299707
179519433991246
178937254433044
179661579965094
179263459721586
30500430974
179621859982979
271053590841
6670626640
179128686972754
179633838985588
179097324236393
179090974096549
179635593180341
179411103112046
685462436075
34039604649392
179650879817831
587871174366
179433641450110
374267957031
179345757393436
179539945038058
179111383090668
636790622754
178889335118369
179641631862219
44741208693
179078363759768
300731305977
417228684871
179429381961127
179145022750164
178952767817755
557830179472
39259458836
118031632147
179015066033295
565510579186
179675179731305
179686442100452
10802427122
558444883030
30202434713
179056669858028
179711521952147
389418812766
179481105652485
179415712079740
360426747586
356530269007
179022071686359
197388708539
179014050139698
178986226930870
179492961145693
179187310987252
566340443580
179165419825472
263555103002
308741334867
640882307333
178992745011911
179585441354653
408550334429
179393684598571
179011566670821
179681243801846
179250847422961
179632856938341
222660024277
179572458995993
660244978750
179148707866449
476914531992
179185594242250
498650038757
179244368249859
179247331311053
821897898646
179449687413332
257493496483
81972532692
86710214679
178989582581051
673293270632
465572794654
179044385385504
254226232771
179072596957308
767889797624
179615089362374
6591719106971
393250348579
179407938099659
336834587997
179555942995481
179654689963371
179626510600025
179145022750164
178913867880805
179261611498404
556078028582
505663921714
179485301408573
179422932316068
737245923069
179229736227681
123952058526
179713519921818
179320986671792
179706321030558
816817351383
179597076720176
868231529331
264689197810
179127463038662
74826715660
1103048471219
179187310987252
179363063367264
660280356588
808693435612
713252186021
179165556411362
179166840612693
179112254244549
179464399122047
179340785173658
179340785173658
179493344875590
179159242402344
179216434213672
636927208167
179242734835684
179332486349673
89500546063
741051903516
373741740795
179093880784664
179617477533961
217195205068
179441602753116
406413152037
179458891420628
179198960436029
778148051159
179025025448903
548929193968
661327208335
179697730115536
522179392638
179398684087386
504140043726
179005430749867
234067877779
179585441354653
179434865913671
737699192661
179107726838270
513936166014
179152679746553
120809740305
179328775661795
179379788958587
619885108846
178937254433044
178937349762530
179711345997705
179380682674507
884701021678
179455430852729
178895344632438
179040431855847
179028296762709
179511296377080
178889917057726
179697730115536
179028296762709
179340785173658
179202716927849
179394493109981
178916413225936
179578665888855
179384457022825
178994160918603
430016410759
178984308940132
650281901576
179569735388883
179416183692612
179585441354653
241953632545
179033216493508
14950149236
179616783808246
646804268483
69310910500
174550901193
179026966421821
179347907223679
179696391305133
295699462941
179029979590454
179632856938341
623422652475
246235546685
233272412212
290200553902
179089221581771
179231817067372
179578665888855
179188520649539
179238343078923
179028503874036
179564434252189
10072275712
179508868649442
179430616911155
179450967514570
179448096996617
676134847529
179047354859377
179200984059204
179130087940521
179613177742939
179142180836055
178959109724302
178994772073531
815497095654
178902340622686
792086158815
179561680528338
179372030183367
169082770874
179175490531718
179328683199841
714816643723
223821041568
179217424959509
179202716927849
127356362617
179389064530812
179023609491387
715532455576
179100855624213
587082945345
179041228024037
179464898147742
165457722406
1325551071
178925864296847
179248483531876
456704836713
179512710310362
179147003783454
482597959988
178943803103940
179430616911155
179170108437400
179258620626694
825917655733
588896358260
179345757393436
283091910840
179335162132443
179014050139698
856378046866
179377193785118
179438408401255
115170386458
836519962040
157157513470
516430047042
179357476253132
378773814763
179393502076825
179641519697397
179537800951652
179198960436029
179428261179481
179100855624213
247438928806
884314058400
179706321030558
178885557941985
178996710871678
179725118231150
335355989942
251375874376
179542041129607
603427718541
495398607949
369254146458
408289590172
82604998839
179124557723593
179380682674507
853347594995
179330692150922
179058737474575
179179985862580
543998093507
178938407638511
41411223302
247145493340
179246421234262
179159242402344
277355286231
178943803103940
179372241799153
178956337972200
179466619536699
65705055947539
685719002141
179641631862219
178941907052480
178885557941985
209271528006
179360807198398
589234964866
404317624352
179002544175235
179622292558395
545204705728
178950914982073
658105639670
526044219150
179268030243727
454892023321
179558806239305
252631239061
179510273974561
179060250850681
178893249604873
179608223975358
727783878751
179261611498404
179112254244549
179532473479682
576963124545
278096914148
179092136658184
82069456843
179603772356043
179136154258215
179348769672839
179611829566235
179187310987252
731026958067
178977690289570
178968451190558
179365935282386
538538526083
25847749666
179194229282499
179664551903492
61498780349
179136931695116
178918398716725
179685430753079
179017940172723
179354054235341
179538328650826
179483590705852
179576764364799
179334360077765
453115406474
179113356717405
179398087533618
240426864865
179320986671792
142840529122
178937254433044
179168075382083
179681243801846
786208882407
179328775661795
179478843140916
740755786788
179217424959509
179409405623424
727195240291
499711471165
506633820740
179409405623424
179398684087386
496826189373
179368552913876
505189213154
179243865183588
179192342156046
179513890950166
179658964158279
179202702503151
179665675392761
89449199540
179432443799846
179155165417227
210513277169
178913867880805
751528783806
146548441128
399601074886
812807408650
386443098581
179237036235970
178996710871678
179126563745817
179199511549638
179335162132443
179000388625257
179464399122047
178961712026080
293015371328
620899734678
179649994815350
179661579965094
179350238842517
225850788786
179147003783454
179421887630976
453875664553
179389064530812
442415984364
179568265974312
179328099458208
179204692531264
179269969298094
606535102700
687018193855
179699995563500
179585629462942
179552852490475
179015066033295
178947319901914
179483590705852
345373208400
179175975005945
533586793258
829126576526
116222280650
179621897338089
179536149184299
2104421020
179119743971514
661209962167
757773657369
179138742666539
179150767781560
338198958067
179404483895108
837560331937
179685430753079
179103638498235
607673751763
561889128498
179354054235341
806089568440
179134536405829
179558079543397
317952584008
800644574367
179695044033158
179648790977154
178941907052480
576997965704
179650879817831
179252396812971
179343818828001
179370029147860
179045783074102
239693613635
179037654773776
781859374096
179328683199841
178890066558038
179597685840044
1407031063
729560532968
179616783808246
289238809932
39240855328
843060624152
817079807310
179375174875868
179475988660634
179421887630976
152585791184
179207902584979
179268030243727
179637003200160
179677739183549
815731376888
179445817385953
179668543081802
179494686439283
179053705768046
77830709957
496574883326
179198960436029
640661368072
179370029147860
179352262080709
86982503601
248466990351
179150767781560
71594239128
179178047009620
179328775661795
179135339994590
105701809586961
179124557723593
448938457296
432540323544
178967577534382
729625443656
192534571832
759744283339
178957293643207
179029979590454
5900520824
179146278721982
179603772356043
25381339739511
33988904284608
178989937824435
581873416681
179600986342744
178941907052480
179111383090668
473106154116
564918757992
179175774540338
179524305574501
179055409412238
369768705115
241691304510
211673156245
432368483466
626315718345
583901564415
629705276168
178957293643207
179462231368674
178995243850674
179416183692612
179061529431262
59506332479
832245819866
178978640962563
179026966421821
769036710614
759350357733
179621831950275
40070128254
179116282671263
179587262791417
178931920843435
801889015251
179105461171348
179196444276816
179536149184299
234458899462
675222149245
179446451253770
336659663825
179197869774400
179146278721982
179720362086880
178968451190558
179220980891436
178952802351170
330209638089
179493344875590
259558166192
179062246076140
37260416217
179055409412238
178937254433044
772473541620
435055327420
536903756934
179564555869113
276859005626
179581719782698
586497008431
179654689963371
179114320319797
832864853386
179505315962278
179000388625257
179714043142432
179382925430886
179123289259521
179382678049675
179475269645765
178949291592460
252457542093
174959794817
179240784045946
692306876855
142119814950
163443516891
179684492799563
179583917303930
179035220098250
178913867880805
90927340405
179242734835684
179384602930986
178898515395495
179194086808814
384575091032
141432537509
179416183692612
179429039175886
675026832323
179429381961127
179177153314629
445365098386
179173154609992
179410509022323
674605207667
299245713332
505745379616
52310685727
179254387518277
204579079447
18580746913
179661579965094
179483590705852
179568398411055
179409405623424
771263837613
671499721687
13007021897231
179263459721586
179444774322359
179499275442127
179107726838270
179670819209267
179226319407840
179645379638121
372317198526
668635220394
179544592303274
318839074992
179330692150922
571430163423
179384703329437
456576566117
31578877073
179148569857355
179144396907018
179551138753300
1875188840
545777324998
179332486349673
179646387010391
393431761832
390295491155
179613946513255
178949291592460
8608794375025
781499823549
405779386472
179348769672839
179090974096549
179040431855847
178999561483558
723941780219
306656364986
179251343675191
510345707786
593279029320
720978232369
50471441929396
179690122172871
234865714484
152576059684
528106663045
38058551962
564098651517
179478843140916
179030411452460
179623167709422
179324473178778
179527482545161
348172369772
179328683199841
178940035196874
178995243850674
179677739183549
6633463861936
4447041380702
179701465511541
766103960599
179711521952147
179138742666539
93583524163
179641849661318
775628837297
179372030183367
379469604403
179428261179481
572191672056
179588267971317
179370029147860
185901258123
178994711217897
179195236739375
105143057803
179539945038058
799552030365
32342152490
179124557723593
178940035196874
179645379638121
286161046134
245050800121
179549701718334
178945143895326
178949291592460
179469915934323
189811777910
484284246533
179062246076140
433095449986
179460804583964
539866157777
179393381637078
203816146809
430255644667
179051204648967
504829466603
179676023535252
179255904895857
179081422970000
179561680528338
179679802250629
179175490531718
179023609491387
179725893597546
179721179872404
178944351953527
179427249496982
807980582664
179657938903472
179392640789194
179136154258215
179044385385504
179515287624537
178989937824435
425540092829
179393381637078
179641631862219
178949291592460
179097344487483
179528968809748
826534928025
273476374743
646219215879
179346656316256
179455430852729
179243138798258
179358709243810
179512710310362
179060250850681
179370029147860
179572458995993
485124804633
387446606405
730861061687
314315224651
464094370200
179330692150922
422643830642
328070279634
678216710238
179580542042950
179142273102122
179347907223679
179616372656406
376919704515
179387171303948
179116282671263
178930667822693
179613177742939
747731684005
179728023416354
179570397371348
179488787269102
179565970198162
100527114862
179572458995993
178951731988954
179458891420628
549062452053
178940035196874
179036221558317
179555942995481
179661579965094
227776887517
179205367065765
636518724901
179692455683094
179081422970000
36194390195545
178916413225936
601810249502
178997722618684
178930667822693
683362388493
179086504908153
179725118231150
172358970021
178904852882119
400115127677
179147658613294
699759275664
179377193785118
301043542143
179673629930666
179255904895857
176993373449
279045424543
179342548661900
178994772073531
179060250850681
712327021011
287127581365
179200984059204
179641142098597
179506415832625
179093880784664
288555685334
179487000754347
179081422970000
679170099648
178953184075703
179611254394577
225344283598
178990851329539
179523183676117
534421437853
179060735983103
59782048802
179663744052893
1623430409367
179499320865449
179415712079740
184230670723
179008976493049
179478843140916
654659177829
178979367390404
141130356920
179162683491608
179458891420628
179511296377080
179010684047189
218150709823
876298346337
648293726040
179124688671272
179042373170012
536096594907
179600208878385
178968451190558
179492961145693
847810401370
405453590784
618894017437
178913867880805
591117676187
49368935811
179175490531718
24895136557
179454072928224
601193911834
282136337242
179449687413332
179181677625234
179502982247321
178967577534382
649894688065
607510711303
178895344632438
178996226142631
267525778941
179029979590454
661998943874
179422932316068
179330317000238
179574023393286
179109833284993
179572458995993
179480629938822
178989582581051
179697730115536
179681243801846
431421604864
651239293576
179202716927849
217493308203
68104852278
683860624368
179018524285535
1111833790
456370554087
276500115417
179510273974561
179367290554713
267410557751
165420689563
179144396907018
179073155910631
415473147175
179561680528338
179583917303930
179040431855847
179692455683094
179123289259521
179078363759768
179175975005945
179093486131838
178954443824897
179711345997705
179076139592178
783310939643
179626510600025
179544592303274
179697730115536
179330692150922
179641142098597
179377193785118
179677286752156
179493344875590
179220980891436
179657938903472
565571630980
179252396812971
179455430852729
179354326275758
157007886949
503481110564
293817017792
178889335118369
179123289259521
179515287624537
337108873822
178913867880805
179690812046953
178938407638511
179519433991246
526782249041
398046050702
179405859136642
666279356362
179641640313879
179323821453475
179458891420628
179088182478642
179157409859124
871965916873
178904852882119
381362492355
179482544261653
707604043433
179322953404912
133498993659
179029979590454
178947319901914
179239479657203
178997722618684
178895344632438
179467132217509
179725118231150
179650879817831
386728379298
179198960436029
179061529431262
179426216127699
178923800531247
179227715339682
179689837954358
179583917303930
179419509712342
179165556411362
772054374243
474024588621
179615089362374
657706402381
179231038644432
70874775299
71502898280
178970074532610
179517867204143
178952802351170
179677286752156
755002043355
179033216493508
178882788920588
179565970198162
296659394544
179436039114400
179097872435605
179416183692612
179418820248476
179704643522307
116823238786
179595695948009
179148707866449
179372030183367
179013144408399
344453802531
443088995299
179611829566235
178916413225936
179485301408573
179513890950166
179645394360647
179616783808246
178996710871678
434606255752
717259576787
179231038644432
179708119065614
506991281208
179128005711499
179155165417227
179561680528338
260144282263
179322953404912
179140118062320
418776622588
178998403322280
179496772371989
557113724992
876824808357
471947688008
179412164002824
178954443824897
179159242402344
179083150379012
179058737474575
178925535722891
245019439304
101550594901
26134237988
179199511549638
178956337972200
179426766204580
140779550839
415540021857
179690122172871
179192342156046
847378285245
179681402710518
178937349762530
843435440188
179424830301133
429144827644
384195010108
179358709243810
179184744497287
179194086808814
179216434213672
401553172915
179539945038058
179609448141967
179604696118525
178963022031975
167481058429
179464399122047
179033216493508
846222605516
455541552778
4316935915549
179160908302817
179464399122047
179136931695116
178996710871678
179243259853652
179622292558395
128084603407
179641849661318
179025025448903
444940245382
179419509712342
123989783252
179064787905009
584314413696
179128686972754
178887959956980
859172376224
179118374659835
213297124024
179428261179481
788202319361
100675354433
179429381961127
631728996940
201108899942
179029979590454
393673005445
256336882421
179661579965094
179250113079345
179242734835684
658651514110
179720362086880
764387334652
178916413225936
179562817594031
179538328650826
179705328822872
