516099125
957499689
0
0
222876124
695473444
100107114
43125106
228291125
0
0
0
839085103
937600687
302338159
795715257
542210411
0
0
210405075
543956314
129279551
0
757270701
191366012
533677576
505404495
0
0
27271083
0
78944579
742411332
169637108
228883984
517556900
0
464753895
741534698
645852802
0
0
597063825
642751631
686983341
60404504
0
840455971
423568938
904876506
0
193857360
0
365002695
396736448
175707487
0
0
645922819
0
0
786461124
374938128
0
0
650431540
615666462
326954782
253349228
719804705
314936335
774707570
827683177
284501451
691080052
336450781
354003917
518116870
0
248737812
832162352
857221829
698063351
299475752
725217225
0
72647971
747743127
98522547
991146925
672869123
233029953
118802389
758975352
692220782
0
81998870
0
722516085
738618967
620139662
202801067
0
392499632
74292044
674586598
0
124979378
754780787
975014385
981708475
0
215284269
981708475
295516752
921114464
680250172
539910903
43103179
254614172
628964068
0
910163971
0
0
43103179
0
407465286
491199606
746870433
0
0
984662800
0
0
548055726
129714384
746870433
0
0
126351125
0
265955067
775674801
202801067
453580989
33496506
586661167
417870056
487045019
910163971
249129283
202801067
202801067
341567157
0
402883144
0
537170699
728892860
0
916950034
43103179
273463701
420540875
202801067
975014385
0
74292044
888483848
218030198
0
945191271
0
984662800
962812411
981708475
139715015
0
27332958
74292044
0
746019938
307612022
0
713058927
453580989
273463701
265955067
180736805
537170699
202801067
920260984
548055726
0
916950034
674586598
823947724
215284269
680250172
0
0
754780787
360300056
341564327
0
539910903
0
628964068
110067032
434439240
0
66445141
33496506
0
888483848
680250172
945298547
312482212
0
0
0
284632349
916950034
601088228
942238179
284632349
586661167
0
420540875
245577700
0
730115357
312482212
816480164
0
437344096
453580989
66445141
487045019
0
856310882
0
0
0
0
70109073
279722750
341567157
0
537170699
417870056
66445141
66445141
527263013
628964068
816480164
962812411
0
398827046
0
719881203
0
124979378
0
856310882
730115357
746019938
124979378
0
0
620139662
312482212
916950034
746870433
693732537
110067032
539910903
823947724
0
0
0
754780787
341567157
537170699
548055726
0
74292044
129714384
398827046
268171653
74292044
434439240
254614172
0
0
0
202801067
49431531
0
