902326046
902326046
902326046
902326046
902326046
902326046
902326046
902326046
902326046
902326046
902326046
902326046
902326046
902326046
902326046
902326046
902326046
902326046
902326046
902326046
902326046
902326046
902326046
902326046
902326046
902326046
902326046
902326046
902326046
902326046
902326046
902326046
902326046
902326046
902326046
902326046
902326046
902326046
902326046
902326046
902326046
902326046
902326046
902326046
902326046
902326046
902326046
902326046
902326046
902326046
902326046
902326046
902326046
902326046
902326046
902326046
902326046
902326046
902326046
902326046
902326046
902326046
902326046
902326046
902326046
902326046
902326046
902326046
902326046
902326046
902326046
902326046
